<?xml version="1.0" encoding="UTF-8"?><testsuite errors="0" failures="1" name="Agendar cita" skipped="0" tests="1" time="12.49" timestamp="2019-10-18 03:58:28"><testcase name="agendar exitoso"><failure message="Expected enabled element was not enabled" type="net.thucydides.core.webdriver.exceptions.ElementShouldBeEnabledException">Expected enabled element was not enabled</failure><system-err>Expected enabled element was not enabled&#13;
pruebasdesoftware.tasks.Agendar.performAs(Agendar.java:23)&#13;
pruebasdesoftware.stepdefinitions.AgendarCitaStepDefinition.elSeDirigeALaPantallaDeAsignarCitasYAsignaUnaCitaDisponible(AgendarCitaStepDefinition.java:27)&#13;
cucumber.runner.Runner.runPickle(Runner.java:80)&#13;
</system-err></testcase></testsuite>